<?xml version="1.0" encoding="UTF-8"?>
<!-- Generated by org.testng.reporters.JUnitReportReporter -->
<testsuite hostname="DESKTOP-8J3JDMQ" failures="0" tests="1" name="TestCases.Test_Google" time="0.201" errors="0" timestamp="2022-12-23T18:50:43 PKT" skipped="0">
  <testcase classname="TestCases.Test_Google" name="SearchGoogle" time="0.201"/>
  <system-out/>
</testsuite> <!-- TestCases.Test_Google -->
