<?xml version="1.0" encoding="UTF-8"?>
<!-- Generated by org.testng.reporters.JUnitReportReporter -->
<testsuite hostname="DESKTOP-8J3JDMQ" failures="0" tests="1" name="TestCases.Test_Login_OrangeHR" time="3.317" errors="0" timestamp="2023-01-28T00:26:08 PKT" skipped="0">
  <testcase classname="TestCases.Test_Login_OrangeHR" name="Login" time="3.317"/>
  <system-out/>
</testsuite> <!-- TestCases.Test_Login_OrangeHR -->
