<?xml version="1.0" encoding="UTF-8"?>
<!-- Generated by org.testng.reporters.JUnitReportReporter -->
<testsuite hostname="DESKTOP-8J3JDMQ" failures="0" tests="1" name="TestCases.Test_2captchLogin" time="2.295" errors="0" timestamp="2022-12-23T20:43:04 PKT" skipped="0">
  <testcase classname="TestCases.Test_2captchLogin" name="SearchGoogle" time="2.295"/>
  <system-out/>
</testsuite> <!-- TestCases.Test_2captchLogin -->
