<?xml version="1.0" encoding="UTF-8"?>
<!-- Generated by org.testng.reporters.JUnitReportReporter -->
<testsuite hostname="PEACE" failures="0" tests="1" name="TestCases.Test_SampleTasks" time="0.783" errors="0" timestamp="2023-01-29T03:17:15 GMT" skipped="0">
  <testcase classname="TestCases.Test_SampleTasks" name="intVal" time="0.783"/>
  <system-out/>
</testsuite> <!-- TestCases.Test_SampleTasks -->
